-------------------------------------------------------------------------------
Test set: test.web.UITest
-------------------------------------------------------------------------------
Tests run: 3, Failures: 3, Errors: 0, Skipped: 0, Time elapsed: 72.406 s <<< FAILURE! - in test.web.UITest
testResponsiveDesign(test.web.UITest)  Time elapsed: 2.474 s  <<< FAILURE!
java.lang.AssertionError
	at test.web.UITest.testResponsiveDesign(UITest.java:38)

testLayoutConsistency(test.web.UITest)  Time elapsed: 1.409 s  <<< FAILURE!
java.lang.AssertionError
	at test.web.UITest.testLayoutConsistency(UITest.java:71)

testImageLoading(test.web.UITest)  Time elapsed: 68.5 s  <<< FAILURE!
java.lang.AssertionError: Image should be loaded
	at test.web.UITest.testImageLoading(UITest.java:57)

