-------------------------------------------------------------------------------
Test set: test.web.PerformanceTest
-------------------------------------------------------------------------------
Tests run: 3, Failures: 0, Errors: 3, Skipped: 0, Time elapsed: 0 s <<< FAILURE! - in test.web.PerformanceTest
testHomepageLoadTime(test.web.PerformanceTest)  Time elapsed: 0 s  <<< ERROR!
java.lang.RuntimeException: Could not read JMeter properties file:/home/phuong/Test/mid-term_assignment/jmeter.properties
	at test.web.PerformanceTest.setUp(PerformanceTest.java:35)

testProductDetailLoadTime(test.web.PerformanceTest)  Time elapsed: 0 s  <<< ERROR!
java.lang.RuntimeException: Could not read JMeter properties file:/home/phuong/Test/mid-term_assignment/jmeter.properties
	at test.web.PerformanceTest.setUp(PerformanceTest.java:35)

testProductPageLoadTime(test.web.PerformanceTest)  Time elapsed: 0 s  <<< ERROR!
java.lang.RuntimeException: Could not read JMeter properties file:/home/phuong/Test/mid-term_assignment/jmeter.properties
	at test.web.PerformanceTest.setUp(PerformanceTest.java:35)

