<?xml version="1.0" encoding="UTF-8"?>
<testsuite xmlns:xsi="http://www.w3.org/2001/XMLSchema-instance" xsi:noNamespaceSchemaLocation="https://maven.apache.org/surefire/maven-surefire-plugin/xsd/surefire-test-report.xsd" name="test.web.FunctionalTest" time="0.008" tests="9" errors="9" skipped="0" failures="0">
  <properties>
[...]
</properties>
  <testcase name="testProductSearch" classname="test.web.FunctionalTest" time="0">
    <error message="chromedriver located at /usr/bin/chromedriver, but invalid&#10;For documentation on this error, please visit: https://www.selenium.dev/documentation/webdriver/troubleshooting/errors/driver_location/&#10;Build info: version: &apos;4.10.0&apos;, revision: &apos;c14d967899&apos;&#10;System info: os.name: &apos;Linux&apos;, os.arch: &apos;amd64&apos;, os.version: &apos;6.12.34-1-MANJARO&apos;, java.version: &apos;17.0.15&apos;&#10;Driver info: driver.version: ChromeDriver" type="org.openqa.selenium.remote.NoSuchDriverException">org.openqa.selenium.remote.NoSuchDriverException: 
chromedriver located at /usr/bin/chromedriver, but invalid
For documentation on this error, please visit: https://www.selenium.dev/documentation/webdriver/troubleshooting/errors/driver_location/
Build info: version: '4.10.0', revision: 'c14d967899'
System info: os.name: 'Linux', os.arch: 'amd64', os.version: '6.12.34-1-MANJARO', java.version: '17.0.15'
Driver info: driver.version: ChromeDriver
	at test.web.FunctionalTest.setUp(FunctionalTest.java:27)
</error>
    <system-err><![CDATA[Jun 24, 2025 6:01:55 PM org.openqa.selenium.remote.service.DriverService$Builder getLogOutput
INFO: Driver logs no longer sent to console by default; https://www.selenium.dev/documentation/webdriver/drivers/service/#setting-log-output
]]></system-err>
  </testcase>
  <testcase name="testShoppingCart" classname="test.web.FunctionalTest" time="0.001">
    <error message="chromedriver located at /usr/bin/chromedriver, but invalid&#10;For documentation on this error, please visit: https://www.selenium.dev/documentation/webdriver/troubleshooting/errors/driver_location/&#10;Build info: version: &apos;4.10.0&apos;, revision: &apos;c14d967899&apos;&#10;System info: os.name: &apos;Linux&apos;, os.arch: &apos;amd64&apos;, os.version: &apos;6.12.34-1-MANJARO&apos;, java.version: &apos;17.0.15&apos;&#10;Driver info: driver.version: ChromeDriver" type="org.openqa.selenium.remote.NoSuchDriverException">org.openqa.selenium.remote.NoSuchDriverException: 
chromedriver located at /usr/bin/chromedriver, but invalid
For documentation on this error, please visit: https://www.selenium.dev/documentation/webdriver/troubleshooting/errors/driver_location/
Build info: version: '4.10.0', revision: 'c14d967899'
System info: os.name: 'Linux', os.arch: 'amd64', os.version: '6.12.34-1-MANJARO', java.version: '17.0.15'
Driver info: driver.version: ChromeDriver
	at test.web.FunctionalTest.setUp(FunctionalTest.java:27)
</error>
    <system-err><![CDATA[Jun 24, 2025 6:01:55 PM org.openqa.selenium.remote.service.DriverService$Builder getLogOutput
INFO: Driver logs no longer sent to console by default; https://www.selenium.dev/documentation/webdriver/drivers/service/#setting-log-output
]]></system-err>
  </testcase>
  <testcase name="testRegisterAndLoginFlow" classname="test.web.FunctionalTest" time="0">
    <error message="chromedriver located at /usr/bin/chromedriver, but invalid&#10;For documentation on this error, please visit: https://www.selenium.dev/documentation/webdriver/troubleshooting/errors/driver_location/&#10;Build info: version: &apos;4.10.0&apos;, revision: &apos;c14d967899&apos;&#10;System info: os.name: &apos;Linux&apos;, os.arch: &apos;amd64&apos;, os.version: &apos;6.12.34-1-MANJARO&apos;, java.version: &apos;17.0.15&apos;&#10;Driver info: driver.version: ChromeDriver" type="org.openqa.selenium.remote.NoSuchDriverException">org.openqa.selenium.remote.NoSuchDriverException: 
chromedriver located at /usr/bin/chromedriver, but invalid
For documentation on this error, please visit: https://www.selenium.dev/documentation/webdriver/troubleshooting/errors/driver_location/
Build info: version: '4.10.0', revision: 'c14d967899'
System info: os.name: 'Linux', os.arch: 'amd64', os.version: '6.12.34-1-MANJARO', java.version: '17.0.15'
Driver info: driver.version: ChromeDriver
	at test.web.FunctionalTest.setUp(FunctionalTest.java:27)
</error>
    <system-err><![CDATA[Jun 24, 2025 6:01:55 PM org.openqa.selenium.remote.service.DriverService$Builder getLogOutput
INFO: Driver logs no longer sent to console by default; https://www.selenium.dev/documentation/webdriver/drivers/service/#setting-log-output
]]></system-err>
  </testcase>
  <testcase name="testMenuTabs" classname="test.web.FunctionalTest" time="0">
    <error message="chromedriver located at /usr/bin/chromedriver, but invalid&#10;For documentation on this error, please visit: https://www.selenium.dev/documentation/webdriver/troubleshooting/errors/driver_location/&#10;Build info: version: &apos;4.10.0&apos;, revision: &apos;c14d967899&apos;&#10;System info: os.name: &apos;Linux&apos;, os.arch: &apos;amd64&apos;, os.version: &apos;6.12.34-1-MANJARO&apos;, java.version: &apos;17.0.15&apos;&#10;Driver info: driver.version: ChromeDriver" type="org.openqa.selenium.remote.NoSuchDriverException">org.openqa.selenium.remote.NoSuchDriverException: 
chromedriver located at /usr/bin/chromedriver, but invalid
For documentation on this error, please visit: https://www.selenium.dev/documentation/webdriver/troubleshooting/errors/driver_location/
Build info: version: '4.10.0', revision: 'c14d967899'
System info: os.name: 'Linux', os.arch: 'amd64', os.version: '6.12.34-1-MANJARO', java.version: '17.0.15'
Driver info: driver.version: ChromeDriver
	at test.web.FunctionalTest.setUp(FunctionalTest.java:27)
</error>
    <system-err><![CDATA[Jun 24, 2025 6:01:55 PM org.openqa.selenium.remote.service.DriverService$Builder getLogOutput
INFO: Driver logs no longer sent to console by default; https://www.selenium.dev/documentation/webdriver/drivers/service/#setting-log-output
]]></system-err>
  </testcase>
  <testcase name="testCartAndCheckout" classname="test.web.FunctionalTest" time="0">
    <error message="chromedriver located at /usr/bin/chromedriver, but invalid&#10;For documentation on this error, please visit: https://www.selenium.dev/documentation/webdriver/troubleshooting/errors/driver_location/&#10;Build info: version: &apos;4.10.0&apos;, revision: &apos;c14d967899&apos;&#10;System info: os.name: &apos;Linux&apos;, os.arch: &apos;amd64&apos;, os.version: &apos;6.12.34-1-MANJARO&apos;, java.version: &apos;17.0.15&apos;&#10;Driver info: driver.version: ChromeDriver" type="org.openqa.selenium.remote.NoSuchDriverException">org.openqa.selenium.remote.NoSuchDriverException: 
chromedriver located at /usr/bin/chromedriver, but invalid
For documentation on this error, please visit: https://www.selenium.dev/documentation/webdriver/troubleshooting/errors/driver_location/
Build info: version: '4.10.0', revision: 'c14d967899'
System info: os.name: 'Linux', os.arch: 'amd64', os.version: '6.12.34-1-MANJARO', java.version: '17.0.15'
Driver info: driver.version: ChromeDriver
	at test.web.FunctionalTest.setUp(FunctionalTest.java:27)
</error>
    <system-err><![CDATA[Jun 24, 2025 6:01:55 PM org.openqa.selenium.remote.service.DriverService$Builder getLogOutput
INFO: Driver logs no longer sent to console by default; https://www.selenium.dev/documentation/webdriver/drivers/service/#setting-log-output
]]></system-err>
  </testcase>
  <testcase name="testFormValidationErrors" classname="test.web.FunctionalTest" time="0">
    <error message="chromedriver located at /usr/bin/chromedriver, but invalid&#10;For documentation on this error, please visit: https://www.selenium.dev/documentation/webdriver/troubleshooting/errors/driver_location/&#10;Build info: version: &apos;4.10.0&apos;, revision: &apos;c14d967899&apos;&#10;System info: os.name: &apos;Linux&apos;, os.arch: &apos;amd64&apos;, os.version: &apos;6.12.34-1-MANJARO&apos;, java.version: &apos;17.0.15&apos;&#10;Driver info: driver.version: ChromeDriver" type="org.openqa.selenium.remote.NoSuchDriverException">org.openqa.selenium.remote.NoSuchDriverException: 
chromedriver located at /usr/bin/chromedriver, but invalid
For documentation on this error, please visit: https://www.selenium.dev/documentation/webdriver/troubleshooting/errors/driver_location/
Build info: version: '4.10.0', revision: 'c14d967899'
System info: os.name: 'Linux', os.arch: 'amd64', os.version: '6.12.34-1-MANJARO', java.version: '17.0.15'
Driver info: driver.version: ChromeDriver
	at test.web.FunctionalTest.setUp(FunctionalTest.java:27)
</error>
    <system-err><![CDATA[Jun 24, 2025 6:01:55 PM org.openqa.selenium.remote.service.DriverService$Builder getLogOutput
INFO: Driver logs no longer sent to console by default; https://www.selenium.dev/documentation/webdriver/drivers/service/#setting-log-output
]]></system-err>
  </testcase>
  <testcase name="testHomePageDisplayAndResponsive" classname="test.web.FunctionalTest" time="0.001">
    <error message="chromedriver located at /usr/bin/chromedriver, but invalid&#10;For documentation on this error, please visit: https://www.selenium.dev/documentation/webdriver/troubleshooting/errors/driver_location/&#10;Build info: version: &apos;4.10.0&apos;, revision: &apos;c14d967899&apos;&#10;System info: os.name: &apos;Linux&apos;, os.arch: &apos;amd64&apos;, os.version: &apos;6.12.34-1-MANJARO&apos;, java.version: &apos;17.0.15&apos;&#10;Driver info: driver.version: ChromeDriver" type="org.openqa.selenium.remote.NoSuchDriverException">org.openqa.selenium.remote.NoSuchDriverException: 
chromedriver located at /usr/bin/chromedriver, but invalid
For documentation on this error, please visit: https://www.selenium.dev/documentation/webdriver/troubleshooting/errors/driver_location/
Build info: version: '4.10.0', revision: 'c14d967899'
System info: os.name: 'Linux', os.arch: 'amd64', os.version: '6.12.34-1-MANJARO', java.version: '17.0.15'
Driver info: driver.version: ChromeDriver
	at test.web.FunctionalTest.setUp(FunctionalTest.java:27)
</error>
    <system-err><![CDATA[Jun 24, 2025 6:01:55 PM org.openqa.selenium.remote.service.DriverService$Builder getLogOutput
INFO: Driver logs no longer sent to console by default; https://www.selenium.dev/documentation/webdriver/drivers/service/#setting-log-output
]]></system-err>
  </testcase>
  <testcase name="testNavigation" classname="test.web.FunctionalTest" time="0.002">
    <error message="chromedriver located at /usr/bin/chromedriver, but invalid&#10;For documentation on this error, please visit: https://www.selenium.dev/documentation/webdriver/troubleshooting/errors/driver_location/&#10;Build info: version: &apos;4.10.0&apos;, revision: &apos;c14d967899&apos;&#10;System info: os.name: &apos;Linux&apos;, os.arch: &apos;amd64&apos;, os.version: &apos;6.12.34-1-MANJARO&apos;, java.version: &apos;17.0.15&apos;&#10;Driver info: driver.version: ChromeDriver" type="org.openqa.selenium.remote.NoSuchDriverException">org.openqa.selenium.remote.NoSuchDriverException: 
chromedriver located at /usr/bin/chromedriver, but invalid
For documentation on this error, please visit: https://www.selenium.dev/documentation/webdriver/troubleshooting/errors/driver_location/
Build info: version: '4.10.0', revision: 'c14d967899'
System info: os.name: 'Linux', os.arch: 'amd64', os.version: '6.12.34-1-MANJARO', java.version: '17.0.15'
Driver info: driver.version: ChromeDriver
	at test.web.FunctionalTest.setUp(FunctionalTest.java:27)
</error>
    <system-err><![CDATA[Jun 24, 2025 6:01:55 PM org.openqa.selenium.remote.service.DriverService$Builder getLogOutput
INFO: Driver logs no longer sent to console by default; https://www.selenium.dev/documentation/webdriver/drivers/service/#setting-log-output
]]></system-err>
  </testcase>
  <testcase name="testProductDetailDisplay" classname="test.web.FunctionalTest" time="0.002">
    <error message="chromedriver located at /usr/bin/chromedriver, but invalid&#10;For documentation on this error, please visit: https://www.selenium.dev/documentation/webdriver/troubleshooting/errors/driver_location/&#10;Build info: version: &apos;4.10.0&apos;, revision: &apos;c14d967899&apos;&#10;System info: os.name: &apos;Linux&apos;, os.arch: &apos;amd64&apos;, os.version: &apos;6.12.34-1-MANJARO&apos;, java.version: &apos;17.0.15&apos;&#10;Driver info: driver.version: ChromeDriver" type="org.openqa.selenium.remote.NoSuchDriverException">org.openqa.selenium.remote.NoSuchDriverException: 
chromedriver located at /usr/bin/chromedriver, but invalid
For documentation on this error, please visit: https://www.selenium.dev/documentation/webdriver/troubleshooting/errors/driver_location/
Build info: version: '4.10.0', revision: 'c14d967899'
System info: os.name: 'Linux', os.arch: 'amd64', os.version: '6.12.34-1-MANJARO', java.version: '17.0.15'
Driver info: driver.version: ChromeDriver
	at test.web.FunctionalTest.setUp(FunctionalTest.java:27)
</error>
    <system-err><![CDATA[Jun 24, 2025 6:01:55 PM org.openqa.selenium.remote.service.DriverService$Builder getLogOutput
INFO: Driver logs no longer sent to console by default; https://www.selenium.dev/documentation/webdriver/drivers/service/#setting-log-output
]]></system-err>
  </testcase>
</testsuite>