<?xml version="1.0" encoding="UTF-8"?>
<testsuite xmlns:xsi="http://www.w3.org/2001/XMLSchema-instance" xsi:noNamespaceSchemaLocation="https://maven.apache.org/surefire/maven-surefire-plugin/xsd/surefire-test-report.xsd" name="test.web.UITest" time="72.406" tests="3" errors="0" skipped="0" failures="3">
  <properties>
[...]
</properties>
  <testcase name="testResponsiveDesign" classname="test.web.UITest" time="2.474">
    <failure type="java.lang.AssertionError">java.lang.AssertionError
	at test.web.UITest.testResponsiveDesign(UITest.java:38)
</failure>
    <system-out><![CDATA[18:03:08.939 [main] DEBUG io.netty.util.internal.logging.InternalLoggerFactory -- Using SLF4J as the default logging framework
18:03:08.943 [main] DEBUG io.netty.util.ResourceLeakDetector -- -Dio.netty.leakDetection.level: simple
18:03:08.943 [main] DEBUG io.netty.util.ResourceLeakDetector -- -Dio.netty.leakDetection.targetRecords: 4
18:03:08.946 [main] DEBUG io.netty.util.ResourceLeakDetectorFactory -- Loaded default ResourceLeakDetector: io.netty.util.ResourceLeakDetector@117e949d
18:03:08.958 [main] DEBUG io.netty.util.internal.PlatformDependent0 -- -Dio.netty.noUnsafe: false
18:03:08.959 [main] DEBUG io.netty.util.internal.PlatformDependent0 -- Java version: 17
18:03:08.960 [main] DEBUG io.netty.util.internal.PlatformDependent0 -- sun.misc.Unsafe.theUnsafe: available
18:03:08.960 [main] DEBUG io.netty.util.internal.PlatformDependent0 -- sun.misc.Unsafe.copyMemory: available
18:03:08.960 [main] DEBUG io.netty.util.internal.PlatformDependent0 -- sun.misc.Unsafe.storeFence: available
18:03:08.961 [main] DEBUG io.netty.util.internal.PlatformDependent0 -- java.nio.Buffer.address: available
18:03:08.962 [main] DEBUG io.netty.util.internal.PlatformDependent0 -- direct buffer constructor: unavailable: Reflective setAccessible(true) disabled
18:03:08.962 [main] DEBUG io.netty.util.internal.PlatformDependent0 -- java.nio.Bits.unaligned: available, true
18:03:08.963 [main] DEBUG io.netty.util.internal.PlatformDependent0 -- jdk.internal.misc.Unsafe.allocateUninitializedArray(int): unavailable: class io.netty.util.internal.PlatformDependent0$7 cannot access class jdk.internal.misc.Unsafe (in module java.base) because module java.base does not export jdk.internal.misc to unnamed module @650b0731
18:03:08.964 [main] DEBUG io.netty.util.internal.PlatformDependent0 -- java.nio.DirectByteBuffer.<init>(long, int): unavailable
18:03:08.964 [main] DEBUG io.netty.util.internal.PlatformDependent -- sun.misc.Unsafe: available
18:03:08.965 [main] DEBUG io.netty.util.internal.PlatformDependent -- maxDirectMemory: 4150263808 bytes (maybe)
18:03:08.965 [main] DEBUG io.netty.util.internal.PlatformDependent -- -Dio.netty.tmpdir: /tmp (java.io.tmpdir)
18:03:08.965 [main] DEBUG io.netty.util.internal.PlatformDependent -- -Dio.netty.bitMode: 64 (sun.arch.data.model)
18:03:08.966 [main] DEBUG io.netty.util.internal.PlatformDependent -- -Dio.netty.maxDirectMemory: -1 bytes
18:03:08.966 [main] DEBUG io.netty.util.internal.PlatformDependent -- -Dio.netty.uninitializedArrayAllocationThreshold: -1
18:03:08.967 [main] DEBUG io.netty.util.internal.CleanerJava9 -- java.nio.ByteBuffer.cleaner(): available
18:03:08.967 [main] DEBUG io.netty.util.internal.PlatformDependent -- -Dio.netty.noPreferDirect: false
18:03:08.973 [main] DEBUG io.netty.util.internal.PlatformDependent -- org.jctools-core.MpscChunkedArrayQueue: available
18:03:08.985 [main] DEBUG io.netty.util.internal.InternalThreadLocalMap -- -Dio.netty.threadLocalMap.stringBuilder.initialSize: 1024
18:03:08.985 [main] DEBUG io.netty.util.internal.InternalThreadLocalMap -- -Dio.netty.threadLocalMap.stringBuilder.maxSize: 4096
18:03:09.097 [main] DEBUG io.netty.handler.ssl.JdkSslContext -- Default protocols (JDK): [TLSv1.3, TLSv1.2] 
18:03:09.097 [main] DEBUG io.netty.handler.ssl.JdkSslContext -- Default cipher suites (JDK): [TLS_ECDHE_ECDSA_WITH_AES_256_GCM_SHA384, TLS_ECDHE_ECDSA_WITH_AES_128_GCM_SHA256, TLS_ECDHE_RSA_WITH_AES_128_GCM_SHA256, TLS_ECDHE_RSA_WITH_AES_256_GCM_SHA384, TLS_ECDHE_RSA_WITH_AES_128_CBC_SHA, TLS_ECDHE_RSA_WITH_AES_256_CBC_SHA, TLS_RSA_WITH_AES_128_GCM_SHA256, TLS_RSA_WITH_AES_128_CBC_SHA, TLS_RSA_WITH_AES_256_CBC_SHA, TLS_AES_128_GCM_SHA256, TLS_AES_256_GCM_SHA384]
18:03:09.103 [main] DEBUG io.netty.util.concurrent.GlobalEventExecutor -- -Dio.netty.globalEventExecutor.quietPeriodSeconds: 1
18:03:09.116 [main] DEBUG io.netty.channel.MultithreadEventLoopGroup -- -Dio.netty.eventLoopThreads: 16
18:03:09.123 [main] DEBUG io.netty.channel.nio.NioEventLoop -- -Dio.netty.noKeySetOptimization: false
18:03:09.123 [main] DEBUG io.netty.channel.nio.NioEventLoop -- -Dio.netty.selectorAutoRebuildThreshold: 512
18:03:09.142 [main] DEBUG io.netty.buffer.PooledByteBufAllocator -- -Dio.netty.allocator.numHeapArenas: 16
18:03:09.143 [main] DEBUG io.netty.buffer.PooledByteBufAllocator -- -Dio.netty.allocator.numDirectArenas: 16
18:03:09.143 [main] DEBUG io.netty.buffer.PooledByteBufAllocator -- -Dio.netty.allocator.pageSize: 8192
18:03:09.143 [main] DEBUG io.netty.buffer.PooledByteBufAllocator -- -Dio.netty.allocator.maxOrder: 9
18:03:09.143 [main] DEBUG io.netty.buffer.PooledByteBufAllocator -- -Dio.netty.allocator.chunkSize: 4194304
18:03:09.143 [main] DEBUG io.netty.buffer.PooledByteBufAllocator -- -Dio.netty.allocator.smallCacheSize: 256
18:03:09.143 [main] DEBUG io.netty.buffer.PooledByteBufAllocator -- -Dio.netty.allocator.normalCacheSize: 64
18:03:09.143 [main] DEBUG io.netty.buffer.PooledByteBufAllocator -- -Dio.netty.allocator.maxCachedBufferCapacity: 32768
18:03:09.143 [main] DEBUG io.netty.buffer.PooledByteBufAllocator -- -Dio.netty.allocator.cacheTrimInterval: 8192
18:03:09.143 [main] DEBUG io.netty.buffer.PooledByteBufAllocator -- -Dio.netty.allocator.cacheTrimIntervalMillis: 0
18:03:09.143 [main] DEBUG io.netty.buffer.PooledByteBufAllocator -- -Dio.netty.allocator.useCacheForAllThreads: false
18:03:09.143 [main] DEBUG io.netty.buffer.PooledByteBufAllocator -- -Dio.netty.allocator.maxCachedByteBuffersPerChunk: 1023
18:03:09.151 [main] DEBUG io.netty.buffer.ByteBufUtil -- -Dio.netty.allocator.type: pooled
18:03:09.151 [main] DEBUG io.netty.buffer.ByteBufUtil -- -Dio.netty.threadLocalDirectBufferSize: 0
18:03:09.151 [main] DEBUG io.netty.buffer.ByteBufUtil -- -Dio.netty.maxThreadLocalCharBufferSize: 16384
18:03:09.335 [Forwarding newSession on session null to remote] DEBUG io.netty.channel.DefaultChannelId -- -Dio.netty.processId: 130657 (auto-detected)
18:03:09.336 [Forwarding newSession on session null to remote] DEBUG io.netty.util.NetUtil -- -Djava.net.preferIPv4Stack: false
18:03:09.336 [Forwarding newSession on session null to remote] DEBUG io.netty.util.NetUtil -- -Djava.net.preferIPv6Addresses: false
18:03:09.337 [Forwarding newSession on session null to remote] DEBUG io.netty.util.NetUtilInitializations -- Loopback interface: lo (lo, 0:0:0:0:0:0:0:1%lo)
18:03:09.337 [Forwarding newSession on session null to remote] DEBUG io.netty.util.NetUtil -- /proc/sys/net/core/somaxconn: 4096
18:03:09.338 [Forwarding newSession on session null to remote] DEBUG io.netty.channel.DefaultChannelId -- -Dio.netty.machineId: 38:00:25:ff:fe:42:c5:84 (auto-detected)
18:03:09.362 [AsyncHttpClient-1-2] DEBUG io.netty.buffer.AbstractByteBuf -- -Dio.netty.buffer.checkAccessible: true
18:03:09.362 [AsyncHttpClient-1-2] DEBUG io.netty.buffer.AbstractByteBuf -- -Dio.netty.buffer.checkBounds: true
18:03:09.362 [AsyncHttpClient-1-2] DEBUG io.netty.util.ResourceLeakDetectorFactory -- Loaded default ResourceLeakDetector: io.netty.util.ResourceLeakDetector@545bb45
18:03:09.370 [AsyncHttpClient-1-2] DEBUG org.asynchttpclient.netty.channel.NettyConnectListener -- Using new Channel '[id: 0x07ca40e8, L:/127.0.0.1:50696 - R:localhost/127.0.0.1:10111]' for 'POST' to '/session'
18:03:09.378 [AsyncHttpClient-1-2] DEBUG io.netty.util.Recycler -- -Dio.netty.recycler.maxCapacityPerThread: 4096
18:03:09.378 [AsyncHttpClient-1-2] DEBUG io.netty.util.Recycler -- -Dio.netty.recycler.ratio: 8
18:03:09.378 [AsyncHttpClient-1-2] DEBUG io.netty.util.Recycler -- -Dio.netty.recycler.chunkSize: 32
18:03:09.378 [AsyncHttpClient-1-2] DEBUG io.netty.util.Recycler -- -Dio.netty.recycler.blocking: false
18:03:09.378 [AsyncHttpClient-1-2] DEBUG io.netty.util.Recycler -- -Dio.netty.recycler.batchFastThreadLocalOnly: true
18:03:09.986 [AsyncHttpClient-1-2] DEBUG io.netty.handler.codec.compression.Brotli -- brotli4j not in the classpath; Brotli support will be unavailable.
18:03:09.986 [AsyncHttpClient-1-2] DEBUG org.asynchttpclient.netty.handler.HttpHandler -- 

Request DefaultHttpRequest(decodeResult: success, version: HTTP/1.1)
POST /session HTTP/1.1
User-Agent: selenium/4.10.0 (java unix)
Content-Length: 254
Content-Type: application/json; charset=utf-8
host: localhost:10111
accept: */*

Response DefaultHttpResponse(decodeResult: success, version: HTTP/1.1)
HTTP/1.1 200 OK
Content-Length: 850
Content-Type: application/json; charset=utf-8
cache-control: no-cache

18:03:09.990 [AsyncHttpClient-1-2] DEBUG org.asynchttpclient.netty.channel.ChannelManager -- Adding key: http://localhost:10111 for channel [id: 0x07ca40e8, L:/127.0.0.1:50696 - R:localhost/127.0.0.1:10111]
18:03:10.065 [AsyncHttpClient-1-3] DEBUG org.asynchttpclient.netty.channel.NettyConnectListener -- Using new Channel '[id: 0x74753ae2, L:/127.0.0.1:56284 - R:localhost/127.0.0.1:42473]' for 'GET' to '/json/version'
18:03:10.070 [AsyncHttpClient-1-3] DEBUG org.asynchttpclient.netty.handler.HttpHandler -- 

Request DefaultFullHttpRequest(decodeResult: success, version: HTTP/1.1, content: EmptyByteBufBE)
GET /json/version HTTP/1.1
User-Agent: selenium/4.10.0 (java unix)
host: localhost:42473
accept: */*

Response DefaultHttpResponse(decodeResult: success, version: HTTP/1.1)
HTTP/1.1 200 OK
Content-Security-Policy: frame-ancestors 'none'
Content-Length: 406
Content-Type: application/json; charset=UTF-8

18:03:10.070 [AsyncHttpClient-1-3] DEBUG org.asynchttpclient.netty.channel.ChannelManager -- Adding key: http://localhost:42473 for channel [id: 0x74753ae2, L:/127.0.0.1:56284 - R:localhost/127.0.0.1:42473]
18:03:10.077 [main] DEBUG io.netty.util.internal.ThreadLocalRandom -- -Dio.netty.initialSeedUniquifier: 0xd7a1fb4f0c9da808
18:03:10.082 [AsyncHttpClient-1-4] DEBUG org.asynchttpclient.netty.channel.NettyConnectListener -- Using new Channel '[id: 0xeb5f8435, L:/127.0.0.1:56292 - R:localhost/127.0.0.1:42473]' for 'GET' to '/devtools/browser/d4c1243c-0d73-4a9b-aafd-6464d6efae19'
18:03:10.086 [AsyncHttpClient-1-4] DEBUG org.asynchttpclient.netty.handler.WebSocketHandler -- 

Request DefaultFullHttpRequest(decodeResult: success, version: HTTP/1.1, content: EmptyByteBufBE)
GET /devtools/browser/d4c1243c-0d73-4a9b-aafd-6464d6efae19 HTTP/1.1
upgrade: websocket
connection: upgrade
sec-websocket-key: zwM8brFlUVmmheKm/ZU1dQ==
sec-websocket-version: 13
origin: http://localhost:42473
host: localhost:42473
accept: */*
user-agent: AHC/2.1

Response DefaultHttpResponse(decodeResult: success, version: HTTP/1.1)
HTTP/1.1 101 WebSocket Protocol Handshake
Upgrade: WebSocket
Connection: Upgrade
Sec-WebSocket-Accept: DGnsEXNv4eZy10nyMuFUu0Uv/AA=

18:03:10.117 [Forwarding maximizeCurrentWindow on session dbd6554386f2ff061545eae96a99bf4c to remote] DEBUG org.asynchttpclient.netty.request.NettyRequestSender -- Using pooled Channel '[id: 0x07ca40e8, L:/127.0.0.1:50696 - R:localhost/127.0.0.1:10111]' for 'POST' to 'http://localhost:10111/session/dbd6554386f2ff061545eae96a99bf4c/window/maximize'
18:03:10.118 [Forwarding maximizeCurrentWindow on session dbd6554386f2ff061545eae96a99bf4c to remote] DEBUG org.asynchttpclient.netty.request.NettyRequestSender -- Using open Channel [id: 0x07ca40e8, L:/127.0.0.1:50696 - R:localhost/127.0.0.1:10111] for POST '/session/dbd6554386f2ff061545eae96a99bf4c/window/maximize'
18:03:10.162 [AsyncHttpClient-1-2] DEBUG org.asynchttpclient.netty.handler.HttpHandler -- 

Request DefaultHttpRequest(decodeResult: success, version: HTTP/1.1)
POST /session/dbd6554386f2ff061545eae96a99bf4c/window/maximize HTTP/1.1
User-Agent: selenium/4.10.0 (java unix)
Content-Length: 3
Content-Type: application/json; charset=utf-8
host: localhost:10111
accept: */*

Response DefaultHttpResponse(decodeResult: success, version: HTTP/1.1)
HTTP/1.1 200 OK
Content-Length: 50
Content-Type: application/json; charset=utf-8
cache-control: no-cache

18:03:10.162 [AsyncHttpClient-1-2] DEBUG org.asynchttpclient.netty.channel.ChannelManager -- Adding key: http://localhost:10111 for channel [id: 0x07ca40e8, L:/127.0.0.1:50696 - R:localhost/127.0.0.1:10111]
18:03:10.165 [Forwarding get on session dbd6554386f2ff061545eae96a99bf4c to remote] DEBUG org.asynchttpclient.netty.request.NettyRequestSender -- Using pooled Channel '[id: 0x07ca40e8, L:/127.0.0.1:50696 - R:localhost/127.0.0.1:10111]' for 'POST' to 'http://localhost:10111/session/dbd6554386f2ff061545eae96a99bf4c/url'
18:03:10.165 [Forwarding get on session dbd6554386f2ff061545eae96a99bf4c to remote] DEBUG org.asynchttpclient.netty.request.NettyRequestSender -- Using open Channel [id: 0x07ca40e8, L:/127.0.0.1:50696 - R:localhost/127.0.0.1:10111] for POST '/session/dbd6554386f2ff061545eae96a99bf4c/url'
18:03:10.177 [AsyncHttpClient-1-1] DEBUG org.asynchttpclient.netty.channel.DefaultChannelPool -- Entry count for : http://localhost:42473 : 1
18:03:10.796 [AsyncHttpClient-1-2] DEBUG org.asynchttpclient.netty.handler.HttpHandler -- 

Request DefaultHttpRequest(decodeResult: success, version: HTTP/1.1)
POST /session/dbd6554386f2ff061545eae96a99bf4c/url HTTP/1.1
User-Agent: selenium/4.10.0 (java unix)
Content-Length: 69
Content-Type: application/json; charset=utf-8
host: localhost:10111
accept: */*

Response DefaultHttpResponse(decodeResult: success, version: HTTP/1.1)
HTTP/1.1 200 OK
Content-Length: 14
Content-Type: application/json; charset=utf-8
cache-control: no-cache

18:03:10.796 [AsyncHttpClient-1-2] DEBUG org.asynchttpclient.netty.channel.ChannelManager -- Adding key: http://localhost:10111 for channel [id: 0x07ca40e8, L:/127.0.0.1:50696 - R:localhost/127.0.0.1:10111]
18:03:10.799 [Forwarding setCurrentWindowSize on session dbd6554386f2ff061545eae96a99bf4c to remote] DEBUG org.asynchttpclient.netty.request.NettyRequestSender -- Using pooled Channel '[id: 0x07ca40e8, L:/127.0.0.1:50696 - R:localhost/127.0.0.1:10111]' for 'POST' to 'http://localhost:10111/session/dbd6554386f2ff061545eae96a99bf4c/window/rect'
18:03:10.799 [Forwarding setCurrentWindowSize on session dbd6554386f2ff061545eae96a99bf4c to remote] DEBUG org.asynchttpclient.netty.request.NettyRequestSender -- Using open Channel [id: 0x07ca40e8, L:/127.0.0.1:50696 - R:localhost/127.0.0.1:10111] for POST '/session/dbd6554386f2ff061545eae96a99bf4c/window/rect'
18:03:11.145 [AsyncHttpClient-1-2] DEBUG org.asynchttpclient.netty.handler.HttpHandler -- 

Request DefaultHttpRequest(decodeResult: success, version: HTTP/1.1)
POST /session/dbd6554386f2ff061545eae96a99bf4c/window/rect HTTP/1.1
User-Agent: selenium/4.10.0 (java unix)
Content-Length: 37
Content-Type: application/json; charset=utf-8
host: localhost:10111
accept: */*

Response DefaultHttpResponse(decodeResult: success, version: HTTP/1.1)
HTTP/1.1 200 OK
Content-Length: 53
Content-Type: application/json; charset=utf-8
cache-control: no-cache

18:03:11.145 [AsyncHttpClient-1-2] DEBUG org.asynchttpclient.netty.channel.ChannelManager -- Adding key: http://localhost:10111 for channel [id: 0x07ca40e8, L:/127.0.0.1:50696 - R:localhost/127.0.0.1:10111]
18:03:11.147 [Forwarding findElement on session dbd6554386f2ff061545eae96a99bf4c to remote] DEBUG org.asynchttpclient.netty.request.NettyRequestSender -- Using pooled Channel '[id: 0x07ca40e8, L:/127.0.0.1:50696 - R:localhost/127.0.0.1:10111]' for 'POST' to 'http://localhost:10111/session/dbd6554386f2ff061545eae96a99bf4c/element'
18:03:11.148 [Forwarding findElement on session dbd6554386f2ff061545eae96a99bf4c to remote] DEBUG org.asynchttpclient.netty.request.NettyRequestSender -- Using open Channel [id: 0x07ca40e8, L:/127.0.0.1:50696 - R:localhost/127.0.0.1:10111] for POST '/session/dbd6554386f2ff061545eae96a99bf4c/element'
18:03:11.163 [AsyncHttpClient-1-2] DEBUG org.asynchttpclient.netty.handler.HttpHandler -- 

Request DefaultHttpRequest(decodeResult: success, version: HTTP/1.1)
POST /session/dbd6554386f2ff061545eae96a99bf4c/element HTTP/1.1
User-Agent: selenium/4.10.0 (java unix)
Content-Length: 47
Content-Type: application/json; charset=utf-8
host: localhost:10111
accept: */*

Response DefaultHttpResponse(decodeResult: success, version: HTTP/1.1)
HTTP/1.1 404 Not Found
Content-Length: 890
Content-Type: application/json; charset=utf-8
cache-control: no-cache

18:03:11.164 [AsyncHttpClient-1-2] DEBUG org.asynchttpclient.netty.channel.ChannelManager -- Adding key: http://localhost:10111 for channel [id: 0x07ca40e8, L:/127.0.0.1:50696 - R:localhost/127.0.0.1:10111]
18:03:11.174 [Driver Command Executor] DEBUG org.asynchttpclient.netty.request.NettyRequestSender -- Using pooled Channel '[id: 0x07ca40e8, L:/127.0.0.1:50696 - R:localhost/127.0.0.1:10111]' for 'DELETE' to 'http://localhost:10111/session/dbd6554386f2ff061545eae96a99bf4c'
18:03:11.174 [Driver Command Executor] DEBUG org.asynchttpclient.netty.request.NettyRequestSender -- Using open Channel [id: 0x07ca40e8, L:/127.0.0.1:50696 - R:localhost/127.0.0.1:10111] for DELETE '/session/dbd6554386f2ff061545eae96a99bf4c'
18:03:11.176 [AsyncHttpClient-1-4] DEBUG org.asynchttpclient.netty.handler.WebSocketHandler -- Channel Closed: [id: 0xeb5f8435, L:/127.0.0.1:56292 ! R:localhost/127.0.0.1:42473] with attribute DISCARD
18:03:11.188 [AsyncHttpClient-1-3] DEBUG org.asynchttpclient.netty.handler.HttpHandler -- Channel Closed: [id: 0x74753ae2, L:/127.0.0.1:56284 ! R:localhost/127.0.0.1:42473] with attribute DISCARD
18:03:11.226 [AsyncHttpClient-1-2] DEBUG org.asynchttpclient.netty.handler.HttpHandler -- 

Request DefaultFullHttpRequest(decodeResult: success, version: HTTP/1.1, content: EmptyByteBufBE)
DELETE /session/dbd6554386f2ff061545eae96a99bf4c HTTP/1.1
User-Agent: selenium/4.10.0 (java unix)
Content-Type: application/json; charset=utf-8
host: localhost:10111
accept: */*

Response DefaultHttpResponse(decodeResult: success, version: HTTP/1.1)
HTTP/1.1 200 OK
Content-Length: 14
Content-Type: application/json; charset=utf-8
cache-control: no-cache

18:03:11.227 [AsyncHttpClient-1-2] DEBUG org.asynchttpclient.netty.channel.ChannelManager -- Adding key: http://localhost:10111 for channel [id: 0x07ca40e8, L:/127.0.0.1:50696 - R:localhost/127.0.0.1:10111]
18:03:11.229 [AsyncHttpClient-1-2] DEBUG org.asynchttpclient.netty.handler.HttpHandler -- Channel Closed: [id: 0x07ca40e8, L:/127.0.0.1:50696 ! R:localhost/127.0.0.1:10111] with attribute DISCARD
18:03:11.276 [AsyncHttpClient-1-1] DEBUG org.asynchttpclient.netty.channel.DefaultChannelPool -- Entry count for : http://localhost:42473 : 1
18:03:11.276 [AsyncHttpClient-1-1] DEBUG org.asynchttpclient.netty.channel.DefaultChannelPool -- Entry count for : http://localhost:10111 : 1
18:03:11.277 [AsyncHttpClient-1-1] DEBUG org.asynchttpclient.netty.channel.DefaultChannelPool -- Adding Candidate expired Channel [id: 0x74753ae2, L:/127.0.0.1:56284 ! R:localhost/127.0.0.1:42473] isIdleTimeoutExpired=false isRemotelyClosed=true isTtlExpired=false
18:03:11.277 [AsyncHttpClient-1-1] DEBUG org.asynchttpclient.netty.channel.DefaultChannelPool -- Closing Idle Channel [id: 0x74753ae2, L:/127.0.0.1:56284 ! R:localhost/127.0.0.1:42473]
18:03:11.277 [AsyncHttpClient-1-1] DEBUG org.asynchttpclient.netty.channel.DefaultChannelPool -- Adding Candidate expired Channel [id: 0x07ca40e8, L:/127.0.0.1:50696 ! R:localhost/127.0.0.1:10111] isIdleTimeoutExpired=false isRemotelyClosed=true isTtlExpired=false
18:03:11.277 [AsyncHttpClient-1-1] DEBUG org.asynchttpclient.netty.channel.DefaultChannelPool -- Closing Idle Channel [id: 0x07ca40e8, L:/127.0.0.1:50696 ! R:localhost/127.0.0.1:10111]
18:03:11.277 [AsyncHttpClient-1-1] DEBUG org.asynchttpclient.netty.channel.DefaultChannelPool -- Closed 2 connections out of 2 in 0 ms
]]></system-out>
    <system-err><![CDATA[Jun 24, 2025 6:03:08 PM org.openqa.selenium.remote.service.DriverService$Builder getLogOutput
INFO: Driver logs no longer sent to console by default; https://www.selenium.dev/documentation/webdriver/drivers/service/#setting-log-output
Jun 24, 2025 6:03:10 PM org.openqa.selenium.devtools.CdpVersionFinder findNearestMatch
WARNING: Unable to find CDP implementation matching 137
Jun 24, 2025 6:03:10 PM org.openqa.selenium.chromium.ChromiumDriver lambda$new$4
WARNING: Unable to find version of CDP to use for . You may need to include a dependency on a specific version of the CDP using something similar to `org.seleniumhq.selenium:selenium-devtools-v86:4.10.0` where the version ("v86") matches the version of the chromium-based browser you're using and the version number of the artifact is the same as Selenium's.
]]></system-err>
  </testcase>
  <testcase name="testLayoutConsistency" classname="test.web.UITest" time="1.409">
    <failure type="java.lang.AssertionError">java.lang.AssertionError
	at test.web.UITest.testLayoutConsistency(UITest.java:71)
</failure>
    <system-out><![CDATA[18:03:11.336 [AsyncHttpClient-1-5] DEBUG org.asynchttpclient.netty.channel.NettyConnectListener -- Using new Channel '[id: 0xcf1002e6, L:/127.0.0.1:60084 - R:localhost/127.0.0.1:22908]' for 'POST' to '/session'
18:03:11.854 [AsyncHttpClient-1-5] DEBUG org.asynchttpclient.netty.handler.HttpHandler -- 

Request DefaultHttpRequest(decodeResult: success, version: HTTP/1.1)
POST /session HTTP/1.1
User-Agent: selenium/4.10.0 (java unix)
Content-Length: 254
Content-Type: application/json; charset=utf-8
host: localhost:22908
accept: */*

Response DefaultHttpResponse(decodeResult: success, version: HTTP/1.1)
HTTP/1.1 200 OK
Content-Length: 850
Content-Type: application/json; charset=utf-8
cache-control: no-cache

18:03:11.854 [AsyncHttpClient-1-5] DEBUG org.asynchttpclient.netty.channel.ChannelManager -- Adding key: http://localhost:22908 for channel [id: 0xcf1002e6, L:/127.0.0.1:60084 - R:localhost/127.0.0.1:22908]
18:03:11.860 [AsyncHttpClient-1-6] DEBUG org.asynchttpclient.netty.channel.NettyConnectListener -- Using new Channel '[id: 0x7eb72cf2, L:/127.0.0.1:40852 - R:localhost/127.0.0.1:39713]' for 'GET' to '/json/version'
18:03:11.862 [AsyncHttpClient-1-6] DEBUG org.asynchttpclient.netty.handler.HttpHandler -- 

Request DefaultFullHttpRequest(decodeResult: success, version: HTTP/1.1, content: EmptyByteBufBE)
GET /json/version HTTP/1.1
User-Agent: selenium/4.10.0 (java unix)
host: localhost:39713
accept: */*

Response DefaultHttpResponse(decodeResult: success, version: HTTP/1.1)
HTTP/1.1 200 OK
Content-Security-Policy: frame-ancestors 'none'
Content-Length: 406
Content-Type: application/json; charset=UTF-8

18:03:11.862 [AsyncHttpClient-1-6] DEBUG org.asynchttpclient.netty.channel.ChannelManager -- Adding key: http://localhost:39713 for channel [id: 0x7eb72cf2, L:/127.0.0.1:40852 - R:localhost/127.0.0.1:39713]
18:03:11.865 [AsyncHttpClient-1-7] DEBUG org.asynchttpclient.netty.channel.NettyConnectListener -- Using new Channel '[id: 0xfc7fbf58, L:/127.0.0.1:40864 - R:localhost/127.0.0.1:39713]' for 'GET' to '/devtools/browser/af88f1c0-47bf-4c1c-9e68-4b719630953c'
18:03:11.867 [AsyncHttpClient-1-7] DEBUG org.asynchttpclient.netty.handler.WebSocketHandler -- 

Request DefaultFullHttpRequest(decodeResult: success, version: HTTP/1.1, content: EmptyByteBufBE)
GET /devtools/browser/af88f1c0-47bf-4c1c-9e68-4b719630953c HTTP/1.1
upgrade: websocket
connection: upgrade
sec-websocket-key: 2gCkObTscfByFTxdd7Wo6Q==
sec-websocket-version: 13
origin: http://localhost:39713
host: localhost:39713
accept: */*
user-agent: AHC/2.1

Response DefaultHttpResponse(decodeResult: success, version: HTTP/1.1)
HTTP/1.1 101 WebSocket Protocol Handshake
Upgrade: WebSocket
Connection: Upgrade
Sec-WebSocket-Accept: NA4PHsLReo/QQGQML3a9F7G83tU=

18:03:11.871 [Forwarding maximizeCurrentWindow on session 860ae48c427004f24a587c4dae715580 to remote] DEBUG org.asynchttpclient.netty.request.NettyRequestSender -- Using pooled Channel '[id: 0xcf1002e6, L:/127.0.0.1:60084 - R:localhost/127.0.0.1:22908]' for 'POST' to 'http://localhost:22908/session/860ae48c427004f24a587c4dae715580/window/maximize'
18:03:11.871 [Forwarding maximizeCurrentWindow on session 860ae48c427004f24a587c4dae715580 to remote] DEBUG org.asynchttpclient.netty.request.NettyRequestSender -- Using open Channel [id: 0xcf1002e6, L:/127.0.0.1:60084 - R:localhost/127.0.0.1:22908] for POST '/session/860ae48c427004f24a587c4dae715580/window/maximize'
18:03:11.892 [AsyncHttpClient-1-5] DEBUG org.asynchttpclient.netty.handler.HttpHandler -- 

Request DefaultHttpRequest(decodeResult: success, version: HTTP/1.1)
POST /session/860ae48c427004f24a587c4dae715580/window/maximize HTTP/1.1
User-Agent: selenium/4.10.0 (java unix)
Content-Length: 3
Content-Type: application/json; charset=utf-8
host: localhost:22908
accept: */*

Response DefaultHttpResponse(decodeResult: success, version: HTTP/1.1)
HTTP/1.1 200 OK
Content-Length: 50
Content-Type: application/json; charset=utf-8
cache-control: no-cache

18:03:11.892 [AsyncHttpClient-1-5] DEBUG org.asynchttpclient.netty.channel.ChannelManager -- Adding key: http://localhost:22908 for channel [id: 0xcf1002e6, L:/127.0.0.1:60084 - R:localhost/127.0.0.1:22908]
18:03:11.894 [Forwarding get on session 860ae48c427004f24a587c4dae715580 to remote] DEBUG org.asynchttpclient.netty.request.NettyRequestSender -- Using pooled Channel '[id: 0xcf1002e6, L:/127.0.0.1:60084 - R:localhost/127.0.0.1:22908]' for 'POST' to 'http://localhost:22908/session/860ae48c427004f24a587c4dae715580/url'
18:03:11.894 [Forwarding get on session 860ae48c427004f24a587c4dae715580 to remote] DEBUG org.asynchttpclient.netty.request.NettyRequestSender -- Using open Channel [id: 0xcf1002e6, L:/127.0.0.1:60084 - R:localhost/127.0.0.1:22908] for POST '/session/860ae48c427004f24a587c4dae715580/url'
18:03:12.376 [AsyncHttpClient-1-1] DEBUG org.asynchttpclient.netty.channel.DefaultChannelPool -- Entry count for : http://localhost:39713 : 1
18:03:12.551 [AsyncHttpClient-1-5] DEBUG org.asynchttpclient.netty.handler.HttpHandler -- 

Request DefaultHttpRequest(decodeResult: success, version: HTTP/1.1)
POST /session/860ae48c427004f24a587c4dae715580/url HTTP/1.1
User-Agent: selenium/4.10.0 (java unix)
Content-Length: 69
Content-Type: application/json; charset=utf-8
host: localhost:22908
accept: */*

Response DefaultHttpResponse(decodeResult: success, version: HTTP/1.1)
HTTP/1.1 200 OK
Content-Length: 14
Content-Type: application/json; charset=utf-8
cache-control: no-cache

18:03:12.551 [AsyncHttpClient-1-5] DEBUG org.asynchttpclient.netty.channel.ChannelManager -- Adding key: http://localhost:22908 for channel [id: 0xcf1002e6, L:/127.0.0.1:60084 - R:localhost/127.0.0.1:22908]
18:03:12.556 [Forwarding findElement on session 860ae48c427004f24a587c4dae715580 to remote] DEBUG org.asynchttpclient.netty.request.NettyRequestSender -- Using pooled Channel '[id: 0xcf1002e6, L:/127.0.0.1:60084 - R:localhost/127.0.0.1:22908]' for 'POST' to 'http://localhost:22908/session/860ae48c427004f24a587c4dae715580/element'
18:03:12.557 [Forwarding findElement on session 860ae48c427004f24a587c4dae715580 to remote] DEBUG org.asynchttpclient.netty.request.NettyRequestSender -- Using open Channel [id: 0xcf1002e6, L:/127.0.0.1:60084 - R:localhost/127.0.0.1:22908] for POST '/session/860ae48c427004f24a587c4dae715580/element'
18:03:12.569 [AsyncHttpClient-1-5] DEBUG org.asynchttpclient.netty.handler.HttpHandler -- 

Request DefaultHttpRequest(decodeResult: success, version: HTTP/1.1)
POST /session/860ae48c427004f24a587c4dae715580/element HTTP/1.1
User-Agent: selenium/4.10.0 (java unix)
Content-Length: 46
Content-Type: application/json; charset=utf-8
host: localhost:22908
accept: */*

Response DefaultHttpResponse(decodeResult: success, version: HTTP/1.1)
HTTP/1.1 200 OK
Content-Length: 126
Content-Type: application/json; charset=utf-8
cache-control: no-cache

18:03:12.569 [AsyncHttpClient-1-5] DEBUG org.asynchttpclient.netty.channel.ChannelManager -- Adding key: http://localhost:22908 for channel [id: 0xcf1002e6, L:/127.0.0.1:60084 - R:localhost/127.0.0.1:22908]
18:03:12.574 [Forwarding getElementRect on session 860ae48c427004f24a587c4dae715580 to remote] DEBUG org.asynchttpclient.netty.request.NettyRequestSender -- Using pooled Channel '[id: 0xcf1002e6, L:/127.0.0.1:60084 - R:localhost/127.0.0.1:22908]' for 'GET' to 'http://localhost:22908/session/860ae48c427004f24a587c4dae715580/element/f.0D0D670AEF9F0881421EB7B3F0F777D6.d.E50734FBCA507D2981A02B4A072A282C.e.12/rect'
18:03:12.574 [Forwarding getElementRect on session 860ae48c427004f24a587c4dae715580 to remote] DEBUG org.asynchttpclient.netty.request.NettyRequestSender -- Using open Channel [id: 0xcf1002e6, L:/127.0.0.1:60084 - R:localhost/127.0.0.1:22908] for GET '/session/860ae48c427004f24a587c4dae715580/element/f.0D0D670AEF9F0881421EB7B3F0F777D6.d.E50734FBCA507D2981A02B4A072A282C.e.12/rect'
18:03:12.584 [AsyncHttpClient-1-5] DEBUG org.asynchttpclient.netty.handler.HttpHandler -- 

Request DefaultFullHttpRequest(decodeResult: success, version: HTTP/1.1, content: EmptyByteBufBE)
GET /session/860ae48c427004f24a587c4dae715580/element/f.0D0D670AEF9F0881421EB7B3F0F777D6.d.E50734FBCA507D2981A02B4A072A282C.e.12/rect HTTP/1.1
User-Agent: selenium/4.10.0 (java unix)
Cache-Control: no-cache
Content-Type: application/json; charset=utf-8
host: localhost:22908
accept: */*

Response DefaultHttpResponse(decodeResult: success, version: HTTP/1.1)
HTTP/1.1 200 OK
Content-Length: 56
Content-Type: application/json; charset=utf-8
cache-control: no-cache

18:03:12.585 [AsyncHttpClient-1-5] DEBUG org.asynchttpclient.netty.channel.ChannelManager -- Adding key: http://localhost:22908 for channel [id: 0xcf1002e6, L:/127.0.0.1:60084 - R:localhost/127.0.0.1:22908]
18:03:12.587 [AsyncHttpClient-1-7] DEBUG org.asynchttpclient.netty.handler.WebSocketHandler -- Channel Closed: [id: 0xfc7fbf58, L:/127.0.0.1:40864 ! R:localhost/127.0.0.1:39713] with attribute DISCARD
18:03:12.588 [Driver Command Executor] DEBUG org.asynchttpclient.netty.request.NettyRequestSender -- Using pooled Channel '[id: 0xcf1002e6, L:/127.0.0.1:60084 - R:localhost/127.0.0.1:22908]' for 'DELETE' to 'http://localhost:22908/session/860ae48c427004f24a587c4dae715580'
18:03:12.588 [Driver Command Executor] DEBUG org.asynchttpclient.netty.request.NettyRequestSender -- Using open Channel [id: 0xcf1002e6, L:/127.0.0.1:60084 - R:localhost/127.0.0.1:22908] for DELETE '/session/860ae48c427004f24a587c4dae715580'
18:03:12.604 [AsyncHttpClient-1-6] DEBUG org.asynchttpclient.netty.handler.HttpHandler -- Channel Closed: [id: 0x7eb72cf2, L:/127.0.0.1:40852 ! R:localhost/127.0.0.1:39713] with attribute DISCARD
18:03:12.640 [AsyncHttpClient-1-5] DEBUG org.asynchttpclient.netty.handler.HttpHandler -- 

Request DefaultFullHttpRequest(decodeResult: success, version: HTTP/1.1, content: EmptyByteBufBE)
DELETE /session/860ae48c427004f24a587c4dae715580 HTTP/1.1
User-Agent: selenium/4.10.0 (java unix)
Content-Type: application/json; charset=utf-8
host: localhost:22908
accept: */*

Response DefaultHttpResponse(decodeResult: success, version: HTTP/1.1)
HTTP/1.1 200 OK
Content-Length: 14
Content-Type: application/json; charset=utf-8
cache-control: no-cache

18:03:12.641 [AsyncHttpClient-1-5] DEBUG org.asynchttpclient.netty.channel.ChannelManager -- Adding key: http://localhost:22908 for channel [id: 0xcf1002e6, L:/127.0.0.1:60084 - R:localhost/127.0.0.1:22908]
18:03:12.643 [AsyncHttpClient-1-5] DEBUG org.asynchttpclient.netty.handler.HttpHandler -- Channel Closed: [id: 0xcf1002e6, L:/127.0.0.1:60084 ! R:localhost/127.0.0.1:22908] with attribute DISCARD
]]></system-out>
    <system-err><![CDATA[Jun 24, 2025 6:03:11 PM org.openqa.selenium.remote.service.DriverService$Builder getLogOutput
INFO: Driver logs no longer sent to console by default; https://www.selenium.dev/documentation/webdriver/drivers/service/#setting-log-output
Jun 24, 2025 6:03:11 PM org.openqa.selenium.devtools.CdpVersionFinder findNearestMatch
WARNING: Unable to find CDP implementation matching 137
Jun 24, 2025 6:03:11 PM org.openqa.selenium.chromium.ChromiumDriver lambda$new$4
WARNING: Unable to find version of CDP to use for . You may need to include a dependency on a specific version of the CDP using something similar to `org.seleniumhq.selenium:selenium-devtools-v86:4.10.0` where the version ("v86") matches the version of the chromium-based browser you're using and the version number of the artifact is the same as Selenium's.
]]></system-err>
  </testcase>
  <testcase name="testImageLoading" classname="test.web.UITest" time="68.5">
    <failure message="Image should be loaded" type="java.lang.AssertionError">java.lang.AssertionError: Image should be loaded
	at test.web.UITest.testImageLoading(UITest.java:57)
</failure>
    <system-out><![CDATA[18:03:12.746 [AsyncHttpClient-1-8] DEBUG org.asynchttpclient.netty.channel.NettyConnectListener -- Using new Channel '[id: 0x07a5bcbf, L:/127.0.0.1:38298 - R:localhost/127.0.0.1:19938]' for 'POST' to '/session'
18:03:13.315 [AsyncHttpClient-1-8] DEBUG org.asynchttpclient.netty.handler.HttpHandler -- 

Request DefaultHttpRequest(decodeResult: success, version: HTTP/1.1)
POST /session HTTP/1.1
User-Agent: selenium/4.10.0 (java unix)
Content-Length: 254
Content-Type: application/json; charset=utf-8
host: localhost:19938
accept: */*

Response DefaultHttpResponse(decodeResult: success, version: HTTP/1.1)
HTTP/1.1 200 OK
Content-Length: 850
Content-Type: application/json; charset=utf-8
cache-control: no-cache

18:03:13.315 [AsyncHttpClient-1-8] DEBUG org.asynchttpclient.netty.channel.ChannelManager -- Adding key: http://localhost:19938 for channel [id: 0x07a5bcbf, L:/127.0.0.1:38298 - R:localhost/127.0.0.1:19938]
18:03:13.323 [AsyncHttpClient-1-9] DEBUG org.asynchttpclient.netty.channel.NettyConnectListener -- Using new Channel '[id: 0x2660bbdb, L:/127.0.0.1:40894 - R:localhost/127.0.0.1:33473]' for 'GET' to '/json/version'
18:03:13.326 [AsyncHttpClient-1-9] DEBUG org.asynchttpclient.netty.handler.HttpHandler -- 

Request DefaultFullHttpRequest(decodeResult: success, version: HTTP/1.1, content: EmptyByteBufBE)
GET /json/version HTTP/1.1
User-Agent: selenium/4.10.0 (java unix)
host: localhost:33473
accept: */*

Response DefaultHttpResponse(decodeResult: success, version: HTTP/1.1)
HTTP/1.1 200 OK
Content-Security-Policy: frame-ancestors 'none'
Content-Length: 406
Content-Type: application/json; charset=UTF-8

18:03:13.327 [AsyncHttpClient-1-9] DEBUG org.asynchttpclient.netty.channel.ChannelManager -- Adding key: http://localhost:33473 for channel [id: 0x2660bbdb, L:/127.0.0.1:40894 - R:localhost/127.0.0.1:33473]
18:03:13.330 [AsyncHttpClient-1-10] DEBUG org.asynchttpclient.netty.channel.NettyConnectListener -- Using new Channel '[id: 0x70ab3ecc, L:/127.0.0.1:40910 - R:localhost/127.0.0.1:33473]' for 'GET' to '/devtools/browser/b4e7c664-8eec-44d4-8a4b-c2e00681319b'
18:03:13.336 [AsyncHttpClient-1-10] DEBUG org.asynchttpclient.netty.handler.WebSocketHandler -- 

Request DefaultFullHttpRequest(decodeResult: success, version: HTTP/1.1, content: EmptyByteBufBE)
GET /devtools/browser/b4e7c664-8eec-44d4-8a4b-c2e00681319b HTTP/1.1
upgrade: websocket
connection: upgrade
sec-websocket-key: DEvY7VXGCXpIs6MHEruaLQ==
sec-websocket-version: 13
origin: http://localhost:33473
host: localhost:33473
accept: */*
user-agent: AHC/2.1

Response DefaultHttpResponse(decodeResult: success, version: HTTP/1.1)
HTTP/1.1 101 WebSocket Protocol Handshake
Upgrade: WebSocket
Connection: Upgrade
Sec-WebSocket-Accept: IANSD3veb8Z9gPQzEdcYH0ja1Uc=

18:03:13.346 [Forwarding maximizeCurrentWindow on session 2aa9fb00e3fa98cac07aea11bb8d6f45 to remote] DEBUG org.asynchttpclient.netty.request.NettyRequestSender -- Using pooled Channel '[id: 0x07a5bcbf, L:/127.0.0.1:38298 - R:localhost/127.0.0.1:19938]' for 'POST' to 'http://localhost:19938/session/2aa9fb00e3fa98cac07aea11bb8d6f45/window/maximize'
18:03:13.346 [Forwarding maximizeCurrentWindow on session 2aa9fb00e3fa98cac07aea11bb8d6f45 to remote] DEBUG org.asynchttpclient.netty.request.NettyRequestSender -- Using open Channel [id: 0x07a5bcbf, L:/127.0.0.1:38298 - R:localhost/127.0.0.1:19938] for POST '/session/2aa9fb00e3fa98cac07aea11bb8d6f45/window/maximize'
18:03:13.373 [AsyncHttpClient-1-8] DEBUG org.asynchttpclient.netty.handler.HttpHandler -- 

Request DefaultHttpRequest(decodeResult: success, version: HTTP/1.1)
POST /session/2aa9fb00e3fa98cac07aea11bb8d6f45/window/maximize HTTP/1.1
User-Agent: selenium/4.10.0 (java unix)
Content-Length: 3
Content-Type: application/json; charset=utf-8
host: localhost:19938
accept: */*

Response DefaultHttpResponse(decodeResult: success, version: HTTP/1.1)
HTTP/1.1 200 OK
Content-Length: 54
Content-Type: application/json; charset=utf-8
cache-control: no-cache

18:03:13.373 [AsyncHttpClient-1-8] DEBUG org.asynchttpclient.netty.channel.ChannelManager -- Adding key: http://localhost:19938 for channel [id: 0x07a5bcbf, L:/127.0.0.1:38298 - R:localhost/127.0.0.1:19938]
18:03:13.375 [Forwarding get on session 2aa9fb00e3fa98cac07aea11bb8d6f45 to remote] DEBUG org.asynchttpclient.netty.request.NettyRequestSender -- Using pooled Channel '[id: 0x07a5bcbf, L:/127.0.0.1:38298 - R:localhost/127.0.0.1:19938]' for 'POST' to 'http://localhost:19938/session/2aa9fb00e3fa98cac07aea11bb8d6f45/url'
18:03:13.375 [Forwarding get on session 2aa9fb00e3fa98cac07aea11bb8d6f45 to remote] DEBUG org.asynchttpclient.netty.request.NettyRequestSender -- Using open Channel [id: 0x07a5bcbf, L:/127.0.0.1:38298 - R:localhost/127.0.0.1:19938] for POST '/session/2aa9fb00e3fa98cac07aea11bb8d6f45/url'
18:03:13.477 [AsyncHttpClient-1-1] DEBUG org.asynchttpclient.netty.channel.DefaultChannelPool -- Entry count for : http://localhost:39713 : 1
18:03:13.477 [AsyncHttpClient-1-1] DEBUG org.asynchttpclient.netty.channel.DefaultChannelPool -- Entry count for : http://localhost:33473 : 1
18:03:13.477 [AsyncHttpClient-1-1] DEBUG org.asynchttpclient.netty.channel.DefaultChannelPool -- Entry count for : http://localhost:22908 : 1
18:03:13.477 [AsyncHttpClient-1-1] DEBUG org.asynchttpclient.netty.channel.DefaultChannelPool -- Adding Candidate expired Channel [id: 0x7eb72cf2, L:/127.0.0.1:40852 ! R:localhost/127.0.0.1:39713] isIdleTimeoutExpired=false isRemotelyClosed=true isTtlExpired=false
18:03:13.477 [AsyncHttpClient-1-1] DEBUG org.asynchttpclient.netty.channel.DefaultChannelPool -- Closing Idle Channel [id: 0x7eb72cf2, L:/127.0.0.1:40852 ! R:localhost/127.0.0.1:39713]
18:03:13.477 [AsyncHttpClient-1-1] DEBUG org.asynchttpclient.netty.channel.DefaultChannelPool -- Adding Candidate expired Channel [id: 0xcf1002e6, L:/127.0.0.1:60084 ! R:localhost/127.0.0.1:22908] isIdleTimeoutExpired=false isRemotelyClosed=true isTtlExpired=false
18:03:13.477 [AsyncHttpClient-1-1] DEBUG org.asynchttpclient.netty.channel.DefaultChannelPool -- Closing Idle Channel [id: 0xcf1002e6, L:/127.0.0.1:60084 ! R:localhost/127.0.0.1:22908]
18:03:13.477 [AsyncHttpClient-1-1] DEBUG org.asynchttpclient.netty.channel.DefaultChannelPool -- Closed 2 connections out of 3 in 0 ms
18:03:14.576 [AsyncHttpClient-1-1] DEBUG org.asynchttpclient.netty.channel.DefaultChannelPool -- Entry count for : http://localhost:33473 : 1
18:03:15.677 [AsyncHttpClient-1-1] DEBUG org.asynchttpclient.netty.channel.DefaultChannelPool -- Entry count for : http://localhost:33473 : 1
18:03:16.777 [AsyncHttpClient-1-1] DEBUG org.asynchttpclient.netty.channel.DefaultChannelPool -- Entry count for : http://localhost:33473 : 1
18:03:17.876 [AsyncHttpClient-1-1] DEBUG org.asynchttpclient.netty.channel.DefaultChannelPool -- Entry count for : http://localhost:33473 : 1
18:03:18.977 [AsyncHttpClient-1-1] DEBUG org.asynchttpclient.netty.channel.DefaultChannelPool -- Entry count for : http://localhost:33473 : 1
18:03:20.076 [AsyncHttpClient-1-1] DEBUG org.asynchttpclient.netty.channel.DefaultChannelPool -- Entry count for : http://localhost:33473 : 1
18:03:21.176 [AsyncHttpClient-1-1] DEBUG org.asynchttpclient.netty.channel.DefaultChannelPool -- Entry count for : http://localhost:33473 : 1
18:03:22.277 [AsyncHttpClient-1-1] DEBUG org.asynchttpclient.netty.channel.DefaultChannelPool -- Entry count for : http://localhost:33473 : 1
18:03:23.376 [AsyncHttpClient-1-1] DEBUG org.asynchttpclient.netty.channel.DefaultChannelPool -- Entry count for : http://localhost:33473 : 1
18:03:24.476 [AsyncHttpClient-1-1] DEBUG org.asynchttpclient.netty.channel.DefaultChannelPool -- Entry count for : http://localhost:33473 : 1
18:03:25.576 [AsyncHttpClient-1-1] DEBUG org.asynchttpclient.netty.channel.DefaultChannelPool -- Entry count for : http://localhost:33473 : 1
18:03:26.676 [AsyncHttpClient-1-1] DEBUG org.asynchttpclient.netty.channel.DefaultChannelPool -- Entry count for : http://localhost:33473 : 1
18:03:27.777 [AsyncHttpClient-1-1] DEBUG org.asynchttpclient.netty.channel.DefaultChannelPool -- Entry count for : http://localhost:33473 : 1
18:03:28.876 [AsyncHttpClient-1-1] DEBUG org.asynchttpclient.netty.channel.DefaultChannelPool -- Entry count for : http://localhost:33473 : 1
18:03:29.976 [AsyncHttpClient-1-1] DEBUG org.asynchttpclient.netty.channel.DefaultChannelPool -- Entry count for : http://localhost:33473 : 1
18:03:31.076 [AsyncHttpClient-1-1] DEBUG org.asynchttpclient.netty.channel.DefaultChannelPool -- Entry count for : http://localhost:33473 : 1
18:03:32.177 [AsyncHttpClient-1-1] DEBUG org.asynchttpclient.netty.channel.DefaultChannelPool -- Entry count for : http://localhost:33473 : 1
18:03:33.276 [AsyncHttpClient-1-1] DEBUG org.asynchttpclient.netty.channel.DefaultChannelPool -- Entry count for : http://localhost:33473 : 1
18:03:34.376 [AsyncHttpClient-1-1] DEBUG org.asynchttpclient.netty.channel.DefaultChannelPool -- Entry count for : http://localhost:33473 : 1
18:03:35.476 [AsyncHttpClient-1-1] DEBUG org.asynchttpclient.netty.channel.DefaultChannelPool -- Entry count for : http://localhost:33473 : 1
18:03:36.577 [AsyncHttpClient-1-1] DEBUG org.asynchttpclient.netty.channel.DefaultChannelPool -- Entry count for : http://localhost:33473 : 1
18:03:37.676 [AsyncHttpClient-1-1] DEBUG org.asynchttpclient.netty.channel.DefaultChannelPool -- Entry count for : http://localhost:33473 : 1
18:03:38.776 [AsyncHttpClient-1-1] DEBUG org.asynchttpclient.netty.channel.DefaultChannelPool -- Entry count for : http://localhost:33473 : 1
18:03:39.876 [AsyncHttpClient-1-1] DEBUG org.asynchttpclient.netty.channel.DefaultChannelPool -- Entry count for : http://localhost:33473 : 1
18:03:40.976 [AsyncHttpClient-1-1] DEBUG org.asynchttpclient.netty.channel.DefaultChannelPool -- Entry count for : http://localhost:33473 : 1
18:03:42.076 [AsyncHttpClient-1-1] DEBUG org.asynchttpclient.netty.channel.DefaultChannelPool -- Entry count for : http://localhost:33473 : 1
18:03:43.176 [AsyncHttpClient-1-1] DEBUG org.asynchttpclient.netty.channel.DefaultChannelPool -- Entry count for : http://localhost:33473 : 1
18:03:44.276 [AsyncHttpClient-1-1] DEBUG org.asynchttpclient.netty.channel.DefaultChannelPool -- Entry count for : http://localhost:33473 : 1
18:03:45.376 [AsyncHttpClient-1-1] DEBUG org.asynchttpclient.netty.channel.DefaultChannelPool -- Entry count for : http://localhost:33473 : 1
18:03:46.477 [AsyncHttpClient-1-1] DEBUG org.asynchttpclient.netty.channel.DefaultChannelPool -- Entry count for : http://localhost:33473 : 1
18:03:47.576 [AsyncHttpClient-1-1] DEBUG org.asynchttpclient.netty.channel.DefaultChannelPool -- Entry count for : http://localhost:33473 : 1
18:03:48.677 [AsyncHttpClient-1-1] DEBUG org.asynchttpclient.netty.channel.DefaultChannelPool -- Entry count for : http://localhost:33473 : 1
18:03:49.777 [AsyncHttpClient-1-1] DEBUG org.asynchttpclient.netty.channel.DefaultChannelPool -- Entry count for : http://localhost:33473 : 1
18:03:50.876 [AsyncHttpClient-1-1] DEBUG org.asynchttpclient.netty.channel.DefaultChannelPool -- Entry count for : http://localhost:33473 : 1
18:03:51.976 [AsyncHttpClient-1-1] DEBUG org.asynchttpclient.netty.channel.DefaultChannelPool -- Entry count for : http://localhost:33473 : 1
18:03:53.076 [AsyncHttpClient-1-1] DEBUG org.asynchttpclient.netty.channel.DefaultChannelPool -- Entry count for : http://localhost:33473 : 1
18:03:54.177 [AsyncHttpClient-1-1] DEBUG org.asynchttpclient.netty.channel.DefaultChannelPool -- Entry count for : http://localhost:33473 : 1
18:03:55.276 [AsyncHttpClient-1-1] DEBUG org.asynchttpclient.netty.channel.DefaultChannelPool -- Entry count for : http://localhost:33473 : 1
18:03:56.376 [AsyncHttpClient-1-1] DEBUG org.asynchttpclient.netty.channel.DefaultChannelPool -- Entry count for : http://localhost:33473 : 1
18:03:57.476 [AsyncHttpClient-1-1] DEBUG org.asynchttpclient.netty.channel.DefaultChannelPool -- Entry count for : http://localhost:33473 : 1
18:03:58.577 [AsyncHttpClient-1-1] DEBUG org.asynchttpclient.netty.channel.DefaultChannelPool -- Entry count for : http://localhost:33473 : 1
18:03:59.676 [AsyncHttpClient-1-1] DEBUG org.asynchttpclient.netty.channel.DefaultChannelPool -- Entry count for : http://localhost:33473 : 1
18:04:00.776 [AsyncHttpClient-1-1] DEBUG org.asynchttpclient.netty.channel.DefaultChannelPool -- Entry count for : http://localhost:33473 : 1
18:04:01.877 [AsyncHttpClient-1-1] DEBUG org.asynchttpclient.netty.channel.DefaultChannelPool -- Entry count for : http://localhost:33473 : 1
18:04:02.976 [AsyncHttpClient-1-1] DEBUG org.asynchttpclient.netty.channel.DefaultChannelPool -- Entry count for : http://localhost:33473 : 1
18:04:04.076 [AsyncHttpClient-1-1] DEBUG org.asynchttpclient.netty.channel.DefaultChannelPool -- Entry count for : http://localhost:33473 : 1
18:04:05.176 [AsyncHttpClient-1-1] DEBUG org.asynchttpclient.netty.channel.DefaultChannelPool -- Entry count for : http://localhost:33473 : 1
18:04:06.277 [AsyncHttpClient-1-1] DEBUG org.asynchttpclient.netty.channel.DefaultChannelPool -- Entry count for : http://localhost:33473 : 1
18:04:07.376 [AsyncHttpClient-1-1] DEBUG org.asynchttpclient.netty.channel.DefaultChannelPool -- Entry count for : http://localhost:33473 : 1
18:04:08.477 [AsyncHttpClient-1-1] DEBUG org.asynchttpclient.netty.channel.DefaultChannelPool -- Entry count for : http://localhost:33473 : 1
18:04:09.576 [AsyncHttpClient-1-1] DEBUG org.asynchttpclient.netty.channel.DefaultChannelPool -- Entry count for : http://localhost:33473 : 1
18:04:10.676 [AsyncHttpClient-1-1] DEBUG org.asynchttpclient.netty.channel.DefaultChannelPool -- Entry count for : http://localhost:33473 : 1
18:04:11.777 [AsyncHttpClient-1-1] DEBUG org.asynchttpclient.netty.channel.DefaultChannelPool -- Entry count for : http://localhost:33473 : 1
18:04:12.876 [AsyncHttpClient-1-1] DEBUG org.asynchttpclient.netty.channel.DefaultChannelPool -- Entry count for : http://localhost:33473 : 1
18:04:13.976 [AsyncHttpClient-1-1] DEBUG org.asynchttpclient.netty.channel.DefaultChannelPool -- Entry count for : http://localhost:33473 : 1
18:04:13.976 [AsyncHttpClient-1-1] DEBUG org.asynchttpclient.netty.channel.DefaultChannelPool -- Adding Candidate expired Channel [id: 0x2660bbdb, L:/127.0.0.1:40894 - R:localhost/127.0.0.1:33473] isIdleTimeoutExpired=true isRemotelyClosed=false isTtlExpired=false
18:04:13.976 [AsyncHttpClient-1-1] DEBUG org.asynchttpclient.netty.channel.DefaultChannelPool -- Closing Idle Channel [id: 0x2660bbdb, L:/127.0.0.1:40894 - R:localhost/127.0.0.1:33473]
18:04:13.977 [AsyncHttpClient-1-1] DEBUG org.asynchttpclient.netty.channel.DefaultChannelPool -- Closed 1 connections out of 1 in 1 ms
18:04:13.978 [AsyncHttpClient-1-9] DEBUG org.asynchttpclient.netty.handler.HttpHandler -- Channel Closed: [id: 0x2660bbdb, L:/127.0.0.1:40894 ! R:localhost/127.0.0.1:33473] with attribute DISCARD
18:04:21.058 [AsyncHttpClient-1-8] DEBUG org.asynchttpclient.netty.handler.HttpHandler -- 

Request DefaultHttpRequest(decodeResult: success, version: HTTP/1.1)
POST /session/2aa9fb00e3fa98cac07aea11bb8d6f45/url HTTP/1.1
User-Agent: selenium/4.10.0 (java unix)
Content-Length: 69
Content-Type: application/json; charset=utf-8
host: localhost:19938
accept: */*

Response DefaultHttpResponse(decodeResult: success, version: HTTP/1.1)
HTTP/1.1 200 OK
Content-Length: 14
Content-Type: application/json; charset=utf-8
cache-control: no-cache

18:04:21.059 [AsyncHttpClient-1-8] DEBUG org.asynchttpclient.netty.channel.ChannelManager -- Adding key: http://localhost:19938 for channel [id: 0x07a5bcbf, L:/127.0.0.1:38298 - R:localhost/127.0.0.1:19938]
18:04:21.061 [Forwarding findElements on session 2aa9fb00e3fa98cac07aea11bb8d6f45 to remote] DEBUG org.asynchttpclient.netty.request.NettyRequestSender -- Using pooled Channel '[id: 0x07a5bcbf, L:/127.0.0.1:38298 - R:localhost/127.0.0.1:19938]' for 'POST' to 'http://localhost:19938/session/2aa9fb00e3fa98cac07aea11bb8d6f45/elements'
18:04:21.061 [Forwarding findElements on session 2aa9fb00e3fa98cac07aea11bb8d6f45 to remote] DEBUG org.asynchttpclient.netty.request.NettyRequestSender -- Using open Channel [id: 0x07a5bcbf, L:/127.0.0.1:38298 - R:localhost/127.0.0.1:19938] for POST '/session/2aa9fb00e3fa98cac07aea11bb8d6f45/elements'
18:04:21.077 [AsyncHttpClient-1-8] DEBUG org.asynchttpclient.netty.handler.HttpHandler -- 

Request DefaultHttpRequest(decodeResult: success, version: HTTP/1.1)
POST /session/2aa9fb00e3fa98cac07aea11bb8d6f45/elements HTTP/1.1
User-Agent: selenium/4.10.0 (java unix)
Content-Length: 43
Content-Type: application/json; charset=utf-8
host: localhost:19938
accept: */*

Response DefaultHttpResponse(decodeResult: success, version: HTTP/1.1)
HTTP/1.1 200 OK
Content-Length: 2000
Content-Type: application/json; charset=utf-8
cache-control: no-cache

18:04:21.078 [AsyncHttpClient-1-8] DEBUG org.asynchttpclient.netty.channel.ChannelManager -- Adding key: http://localhost:19938 for channel [id: 0x07a5bcbf, L:/127.0.0.1:38298 - R:localhost/127.0.0.1:19938]
18:04:21.082 [Forwarding executeScript on session 2aa9fb00e3fa98cac07aea11bb8d6f45 to remote] DEBUG org.asynchttpclient.netty.request.NettyRequestSender -- Using pooled Channel '[id: 0x07a5bcbf, L:/127.0.0.1:38298 - R:localhost/127.0.0.1:19938]' for 'POST' to 'http://localhost:19938/session/2aa9fb00e3fa98cac07aea11bb8d6f45/execute/sync'
18:04:21.082 [Forwarding executeScript on session 2aa9fb00e3fa98cac07aea11bb8d6f45 to remote] DEBUG org.asynchttpclient.netty.request.NettyRequestSender -- Using open Channel [id: 0x07a5bcbf, L:/127.0.0.1:38298 - R:localhost/127.0.0.1:19938] for POST '/session/2aa9fb00e3fa98cac07aea11bb8d6f45/execute/sync'
18:04:21.087 [AsyncHttpClient-1-8] DEBUG org.asynchttpclient.netty.handler.HttpHandler -- 

Request DefaultHttpRequest(decodeResult: success, version: HTTP/1.1)
POST /session/2aa9fb00e3fa98cac07aea11bb8d6f45/execute/sync HTTP/1.1
User-Agent: selenium/4.10.0 (java unix)
Content-Length: 301
Content-Type: application/json; charset=utf-8
host: localhost:19938
accept: */*

Response DefaultHttpResponse(decodeResult: success, version: HTTP/1.1)
HTTP/1.1 200 OK
Content-Length: 15
Content-Type: application/json; charset=utf-8
cache-control: no-cache

18:04:21.087 [AsyncHttpClient-1-8] DEBUG org.asynchttpclient.netty.channel.ChannelManager -- Adding key: http://localhost:19938 for channel [id: 0x07a5bcbf, L:/127.0.0.1:38298 - R:localhost/127.0.0.1:19938]
18:04:21.088 [AsyncHttpClient-1-10] DEBUG org.asynchttpclient.netty.handler.WebSocketHandler -- Channel Closed: [id: 0x70ab3ecc, L:/127.0.0.1:40910 ! R:localhost/127.0.0.1:33473] with attribute DISCARD
18:04:21.088 [Driver Command Executor] DEBUG org.asynchttpclient.netty.request.NettyRequestSender -- Using pooled Channel '[id: 0x07a5bcbf, L:/127.0.0.1:38298 - R:localhost/127.0.0.1:19938]' for 'DELETE' to 'http://localhost:19938/session/2aa9fb00e3fa98cac07aea11bb8d6f45'
18:04:21.088 [Driver Command Executor] DEBUG org.asynchttpclient.netty.request.NettyRequestSender -- Using open Channel [id: 0x07a5bcbf, L:/127.0.0.1:38298 - R:localhost/127.0.0.1:19938] for DELETE '/session/2aa9fb00e3fa98cac07aea11bb8d6f45'
18:04:21.139 [AsyncHttpClient-1-8] DEBUG org.asynchttpclient.netty.handler.HttpHandler -- 

Request DefaultFullHttpRequest(decodeResult: success, version: HTTP/1.1, content: EmptyByteBufBE)
DELETE /session/2aa9fb00e3fa98cac07aea11bb8d6f45 HTTP/1.1
User-Agent: selenium/4.10.0 (java unix)
Content-Type: application/json; charset=utf-8
host: localhost:19938
accept: */*

Response DefaultHttpResponse(decodeResult: success, version: HTTP/1.1)
HTTP/1.1 200 OK
Content-Length: 14
Content-Type: application/json; charset=utf-8
cache-control: no-cache

18:04:21.140 [AsyncHttpClient-1-8] DEBUG org.asynchttpclient.netty.channel.ChannelManager -- Adding key: http://localhost:19938 for channel [id: 0x07a5bcbf, L:/127.0.0.1:38298 - R:localhost/127.0.0.1:19938]
18:04:21.143 [AsyncHttpClient-1-8] DEBUG org.asynchttpclient.netty.handler.HttpHandler -- Channel Closed: [id: 0x07a5bcbf, L:/127.0.0.1:38298 ! R:localhost/127.0.0.1:19938] with attribute DISCARD
]]></system-out>
    <system-err><![CDATA[Jun 24, 2025 6:03:12 PM org.openqa.selenium.remote.service.DriverService$Builder getLogOutput
INFO: Driver logs no longer sent to console by default; https://www.selenium.dev/documentation/webdriver/drivers/service/#setting-log-output
Jun 24, 2025 6:03:13 PM org.openqa.selenium.devtools.CdpVersionFinder findNearestMatch
WARNING: Unable to find CDP implementation matching 137
Jun 24, 2025 6:03:13 PM org.openqa.selenium.chromium.ChromiumDriver lambda$new$4
WARNING: Unable to find version of CDP to use for . You may need to include a dependency on a specific version of the CDP using something similar to `org.seleniumhq.selenium:selenium-devtools-v86:4.10.0` where the version ("v86") matches the version of the chromium-based browser you're using and the version number of the artifact is the same as Selenium's.
]]></system-err>
  </testcase>
</testsuite>